Using pre-set license
Built from '2021.1/release' branch; Version is '2021.1.10f1 (b15f561b2cef) revision 11624278'; Using compiler version '192528614'; Build Type 'Release'
OS: 'Windows 10 Pro; OS build 19043.1165; Version 2009; 64bit' Language: 'ru' Physical Memory: 16275 MB
BatchMode: 1, IsHumanControllingUs: 0, StartBugReporterOnCrash: 0, Is64bit: 1, IsPro: 0

 COMMAND LINE ARGUMENTS:
C:\Program Files\2021.1.10f1\Editor\Unity.exe
-adb2
-batchMode
-noUpm
-name
AssetImportWorker0
-projectPath
D:/ProLearning/Unity2D/ShadersLearning
-logFile
Logs/AssetImportWorker0.log
-srvPort
60484
Successfully changed project path to: D:/ProLearning/Unity2D/ShadersLearning
D:/ProLearning/Unity2D/ShadersLearning
Using Asset Import Pipeline V2.
Refreshing native plugins compatible for Editor in 66.36 ms, found 3 plugins.
Preloading 0 native plugins for Editor in 0.00 ms.
Initialize engine version: 2021.1.10f1 (b15f561b2cef)
[Subsystems] Discovering subsystems at path C:/Program Files/2021.1.10f1/Editor/Data/Resources/UnitySubsystems
[Subsystems] Discovering subsystems at path D:/ProLearning/Unity2D/ShadersLearning/Assets
GfxDevice: creating device client; threaded=0; jobified=0
Direct3D:
    Version:  Direct3D 11.0 [level 11.1]
    Renderer: NVIDIA GeForce GTX 1650 SUPER (ID=0x2187)
    Vendor:   NVIDIA
    VRAM:     3955 MB
    Driver:   27.21.14.5671
Initialize mono
Mono path[0] = 'C:/Program Files/2021.1.10f1/Editor/Data/Managed'
Mono path[1] = 'C:/Program Files/2021.1.10f1/Editor/Data/MonoBleedingEdge/lib/mono/unityjit'
Mono config path = 'C:/Program Files/2021.1.10f1/Editor/Data/MonoBleedingEdge/etc'
Using monoOptions --debugger-agent=transport=dt_socket,embedding=1,server=y,suspend=n,address=127.0.0.1:56864
Begin MonoManager ReloadAssembly
Registering precompiled unity dll's ...
Register platform support module: C:/Program Files/2021.1.10f1/Editor/Data/PlaybackEngines/WebGLSupport/UnityEditor.WebGL.Extensions.dll
Register platform support module: C:/Program Files/2021.1.10f1/Editor/Data/PlaybackEngines/WindowsStandaloneSupport/UnityEditor.WindowsStandalone.Extensions.dll
Registered in 0.001908 seconds.
Native extension for WindowsStandalone target not found
Native extension for WebGL target not found
Refreshing native plugins compatible for Editor in 69.06 ms, found 3 plugins.
Preloading 0 native plugins for Editor in 0.00 ms.
Mono: successfully reloaded assembly
- Completed reload, in  1.553 seconds
Domain Reload Profiling:
	ReloadAssembly (1553ms)
		BeginReloadAssembly (43ms)
			ExecutionOrderSort (0ms)
			DisableScriptedObjects (0ms)
			BackupInstance (0ms)
			ReleaseScriptingObjects (0ms)
			CreateAndSetChildDomain (1ms)
		EndReloadAssembly (380ms)
			LoadAssemblies (41ms)
			RebuildTransferFunctionScriptingTraits (0ms)
			SetupTypeCache (138ms)
			ReleaseScriptCaches (0ms)
			RebuildScriptCaches (25ms)
			SetupLoadedEditorAssemblies (181ms)
				LogAssemblyErrors (0ms)
				InitializePlatformSupportModulesInManaged (6ms)
				SetLoadedEditorAssemblies (0ms)
				RefreshPlugins (69ms)
				BeforeProcessingInitializeOnLoad (1ms)
				ProcessInitializeOnLoadAttributes (80ms)
				ProcessInitializeOnLoadMethodAttributes (24ms)
				AfterProcessingInitializeOnLoad (0ms)
				EditorAssembliesLoaded (0ms)
			ExecutionOrderSort2 (0ms)
			AwakeInstancesAfterBackupRestoration (0ms)
Platform modules already initialized, skipping
Registering precompiled user dll's ...
Registered in 0.002929 seconds.
Begin MonoManager ReloadAssembly
Symbol file LoadedFromMemory doesn't match image D:\ProLearning\Unity2D\ShadersLearning\Library\PackageCache\com.unity.visualscripting@1.6.1\Editor\VisualScripting.Core\Dependencies\YamlDotNet\Unity.VisualScripting.YamlDotNet.dll
Symbol file LoadedFromMemory doesn't match image D:\ProLearning\Unity2D\ShadersLearning\Library\PackageCache\com.unity.visualscripting@1.6.1\Editor\VisualScripting.Core\Dependencies\DotNetZip\Unity.VisualScripting.IonicZip.dll
Native extension for WindowsStandalone target not found
Native extension for WebGL target not found
Refreshing native plugins compatible for Editor in 0.65 ms, found 3 plugins.
Preloading 0 native plugins for Editor in 0.00 ms.
Mono: successfully reloaded assembly
- Completed reload, in  0.895 seconds
Domain Reload Profiling:
	ReloadAssembly (896ms)
		BeginReloadAssembly (125ms)
			ExecutionOrderSort (0ms)
			DisableScriptedObjects (4ms)
			BackupInstance (0ms)
			ReleaseScriptingObjects (0ms)
			CreateAndSetChildDomain (18ms)
		EndReloadAssembly (719ms)
			LoadAssemblies (68ms)
			RebuildTransferFunctionScriptingTraits (0ms)
			SetupTypeCache (278ms)
			ReleaseScriptCaches (1ms)
			RebuildScriptCaches (40ms)
			SetupLoadedEditorAssemblies (251ms)
				LogAssemblyErrors (0ms)
				InitializePlatformSupportModulesInManaged (5ms)
				SetLoadedEditorAssemblies (0ms)
				RefreshPlugins (1ms)
				BeforeProcessingInitializeOnLoad (55ms)
				ProcessInitializeOnLoadAttributes (181ms)
				ProcessInitializeOnLoadMethodAttributes (4ms)
				AfterProcessingInitializeOnLoad (5ms)
				EditorAssembliesLoaded (0ms)
			ExecutionOrderSort2 (0ms)
			AwakeInstancesAfterBackupRestoration (5ms)
Platform modules already initialized, skipping
========================================================================
Worker process is ready to serve import requests
Launched and connected shader compiler UnityShaderCompiler.exe after 0.03 seconds
Refreshing native plugins compatible for Editor in 0.64 ms, found 3 plugins.
Preloading 0 native plugins for Editor in 0.00 ms.
Unloading 2961 Unused Serialized files (Serialized files now loaded: 0)
System memory in use before: 109.6 MB.
System memory in use after: 109.8 MB.

Unloading 23 unused Assets to reduce memory usage. Loaded Objects now: 3406.
Total: 2.235900 ms (FindLiveObjects: 0.270400 ms CreateObjectMapping: 0.087300 ms MarkObjects: 1.811100 ms  DeleteObjects: 0.066300 ms)

AssetImportParameters requested are different than current active one (requested -> active):
  custom:framework-win-MediaFoundation: 216162199b28c13a410421893ffa2e32 -> 
  custom:video-decoder-ogg-theora: a1e56fd34408186e4bbccfd4996cb3dc -> 
  custom:container-muxer-webm: aa71ff27fc2769a1b78a27578f13a17b -> 
  custom:container-demuxer-webm: 4f35f7cbe854078d1ac9338744f61a02 -> 
  custom:container-demuxer-ogg: 62fdf1f143b41e24485cea50d1cbac27 -> 
  custom:video-encoder-webm-vp8: eb34c28f22e8b96e1ab97ce403110664 -> 
  custom:video-decoder-webm-vp8: 9c59270c3fd7afecdb556c50c9e8de78 -> 
  custom:audio-decoder-ogg-vorbis: bf7c407c2cedff20999df2af8eb42d56 -> 
  custom:audio-encoder-webm-vorbis: bf7c407c2cedff20999df2af8eb42d56 -> 
========================================================================
Received Import Request.
  path: Assets/Textures/Rock1.png
  artifactKey: Guid(3260bae92dd8dcb4eb8eb2151fe7d167) Importer(815301076,1909f56bfc062723c751e8b465ee728b)
Start importing Assets/Textures/Rock1.png using Guid(3260bae92dd8dcb4eb8eb2151fe7d167) Importer(815301076,1909f56bfc062723c751e8b465ee728b)  -> (artifact id: '6836c41dd8c2e730bb1dfa2ced828502') in 0.079338 seconds 
========================================================================
Received Import Request.
  Time since last request: 0.842243 seconds.
  path: Assets/Textures/Rock1.png
  artifactKey: Guid(3260bae92dd8dcb4eb8eb2151fe7d167) Importer(815301076,1909f56bfc062723c751e8b465ee728b)
Start importing Assets/Textures/Rock1.png using Guid(3260bae92dd8dcb4eb8eb2151fe7d167) Importer(815301076,1909f56bfc062723c751e8b465ee728b)  -> (artifact id: '794ea4feceba611ff7bad2ec4dbafb77') in 0.015501 seconds 
========================================================================
Received Import Request.
  Time since last request: 5.014604 seconds.
  path: Assets/Textures/Rock1.png
  artifactKey: Guid(3260bae92dd8dcb4eb8eb2151fe7d167) Importer(815301076,1909f56bfc062723c751e8b465ee728b)
Start importing Assets/Textures/Rock1.png using Guid(3260bae92dd8dcb4eb8eb2151fe7d167) Importer(815301076,1909f56bfc062723c751e8b465ee728b)  -> (artifact id: 'f17f3ee68160be145ebe3e97d4a6658e') in 0.011222 seconds 
========================================================================
Received Import Request.
  Time since last request: 4.041792 seconds.
  path: Assets/Textures/Rock1.png
  artifactKey: Guid(3260bae92dd8dcb4eb8eb2151fe7d167) Importer(815301076,1909f56bfc062723c751e8b465ee728b)
Start importing Assets/Textures/Rock1.png using Guid(3260bae92dd8dcb4eb8eb2151fe7d167) Importer(815301076,1909f56bfc062723c751e8b465ee728b)  -> (artifact id: '1433d794fdbb6e056a76c2102c9c6789') in 0.015266 seconds 
========================================================================
Received Import Request.
  Time since last request: 2.334745 seconds.
  path: Assets/Textures/Rock1.png
  artifactKey: Guid(3260bae92dd8dcb4eb8eb2151fe7d167) Importer(815301076,1909f56bfc062723c751e8b465ee728b)
Start importing Assets/Textures/Rock1.png using Guid(3260bae92dd8dcb4eb8eb2151fe7d167) Importer(815301076,1909f56bfc062723c751e8b465ee728b)  -> (artifact id: 'c93ced271e51104bc0000f53e8d01fa7') in 0.011775 seconds 
========================================================================
Received Import Request.
  Time since last request: 5.327835 seconds.
  path: Assets/Textures/Rock1.png
  artifactKey: Guid(3260bae92dd8dcb4eb8eb2151fe7d167) Importer(815301076,1909f56bfc062723c751e8b465ee728b)
Start importing Assets/Textures/Rock1.png using Guid(3260bae92dd8dcb4eb8eb2151fe7d167) Importer(815301076,1909f56bfc062723c751e8b465ee728b)  -> (artifact id: '189c239d01347c8588d08add98587b56') in 0.040268 seconds 
AssetImportWorkerClient::OnTransportError - code=2 error=End of file
